[debug] [2021-08-01T23:52:32.766Z] ----------------------------------------------------------------------
[debug] [2021-08-01T23:52:32.767Z] Command:       C:\Users\Facu\DOWNLO~1\firebase-tools-instant-win.exe C:\Users\Facu\.cache\firebase\tools\lib\node_modules\firebase-tools\lib\bin\firebase deploy --only functions:mailer
[debug] [2021-08-01T23:52:32.768Z] CLI Version:   9.16.0
[debug] [2021-08-01T23:52:32.768Z] Platform:      win32
[debug] [2021-08-01T23:52:32.768Z] Node Version:  v12.18.1
[debug] [2021-08-01T23:52:32.769Z] Time:          Sun Aug 01 2021 20:52:32 GMT-0300 (GMT-03:00)
[debug] [2021-08-01T23:52:32.769Z] ----------------------------------------------------------------------
[debug] 
[debug] [2021-08-01T23:52:32.816Z] > command requires scopes: ["email","openid","https://www.googleapis.com/auth/cloudplatformprojects.readonly","https://www.googleapis.com/auth/firebase","https://www.googleapis.com/auth/cloud-platform"]
[debug] [2021-08-01T23:52:32.816Z] > authorizing via signed-in user (facutoff@gmail.com)
[debug] [2021-08-01T23:52:32.816Z] [iam] checking project faqtoff-ar for permissions ["cloudfunctions.functions.create","cloudfunctions.functions.delete","cloudfunctions.functions.get","cloudfunctions.functions.list","cloudfunctions.functions.update","cloudfunctions.operations.get","firebase.projects.get"]
[debug] [2021-08-01T23:52:32.818Z] >>> HTTP REQUEST POST https://cloudresourcemanager.googleapis.com/v1/projects/faqtoff-ar:testIamPermissions  
 {"permissions":["cloudfunctions.functions.create","cloudfunctions.functions.delete","cloudfunctions.functions.get","cloudfunctions.functions.list","cloudfunctions.functions.update","cloudfunctions.operations.get","firebase.projects.get"]}
[debug] [2021-08-01T23:52:33.874Z] <<< HTTP RESPONSE 200 {"content-type":"application/json; charset=UTF-8","vary":"X-Origin, Referer, Origin,Accept-Encoding","date":"Sun, 01 Aug 2021 23:52:33 GMT","server":"ESF","cache-control":"private","x-xss-protection":"0","x-frame-options":"SAMEORIGIN","x-content-type-options":"nosniff","server-timing":"gfet4t7; dur=924","alt-svc":"h3=\":443\"; ma=2592000,h3-29=\":443\"; ma=2592000,h3-T051=\":443\"; ma=2592000,h3-Q050=\":443\"; ma=2592000,h3-Q046=\":443\"; ma=2592000,h3-Q043=\":443\"; ma=2592000,quic=\":443\"; ma=2592000; v=\"46,43\"","accept-ranges":"none","transfer-encoding":"chunked"}
[debug] [2021-08-01T23:52:33.875Z] >>> HTTP REQUEST POST https://iam.googleapis.com/v1/projects/faqtoff-ar/serviceAccounts/faqtoff-ar@appspot.gserviceaccount.com:testIamPermissions  
 {"permissions":["iam.serviceAccounts.actAs"]}
[debug] [2021-08-01T23:52:34.892Z] <<< HTTP RESPONSE 200 {"content-type":"application/json; charset=UTF-8","vary":"X-Origin, Referer, Origin,Accept-Encoding","date":"Sun, 01 Aug 2021 23:52:34 GMT","server":"ESF","cache-control":"private","x-xss-protection":"0","x-frame-options":"SAMEORIGIN","x-content-type-options":"nosniff","alt-svc":"h3=\":443\"; ma=2592000,h3-29=\":443\"; ma=2592000,h3-T051=\":443\"; ma=2592000,h3-Q050=\":443\"; ma=2592000,h3-Q046=\":443\"; ma=2592000,h3-Q043=\":443\"; ma=2592000,quic=\":443\"; ma=2592000; v=\"46,43\"","accept-ranges":"none","transfer-encoding":"chunked"}
[info] 
[info] === Deploying to 'faqtoff-ar'...
[info] 
[info] i  deploying functions 
[debug] [2021-08-01T23:52:34.901Z] Validating nodejs source
[debug] [2021-08-01T23:52:36.769Z] > [functions] package.json contents: {
  "name": "functions",
  "description": "Cloud Functions for Firebase",
  "scripts": {
    "serve": "firebase emulators:start --only functions",
    "shell": "firebase functions:shell",
    "start": "npm run shell",
    "deploy": "firebase deploy --only functions",
    "logs": "firebase functions:log"
  },
  "engines": {
    "node": "14"
  },
  "main": "index.js",
  "dependencies": {
    "body-parser": "^1.19.0",
    "cors": "^2.8.5",
    "express": "^4.17.1",
    "firebase-admin": "^9.8.0",
    "firebase-functions": "^3.14.1",
    "jquery": "^3.6.0",
    "mercadopago": "^1.5.8",
    "node-fetch": "^2.6.1",
    "nodemailer": "^6.6.3"
  },
  "devDependencies": {
    "dotenv": "^10.0.0",
    "firebase-functions-test": "^0.2.0"
  },
  "private": true
}
[debug] [2021-08-01T23:52:36.769Z] Building nodejs source
[info] i  functions: ensuring required API cloudfunctions.googleapis.com is enabled... 
[info] i  functions: ensuring required API cloudbuild.googleapis.com is enabled... 
[debug] [2021-08-01T23:52:36.770Z] >>> HTTP REQUEST GET https://serviceusage.googleapis.com/v1/projects/faqtoff-ar/services/cloudfunctions.googleapis.com  
 
[debug] [2021-08-01T23:52:36.771Z] >>> HTTP REQUEST GET https://serviceusage.googleapis.com/v1/projects/faqtoff-ar/services/runtimeconfig.googleapis.com  
 
[debug] [2021-08-01T23:52:36.771Z] >>> HTTP REQUEST GET https://serviceusage.googleapis.com/v1/projects/faqtoff-ar/services/cloudbuild.googleapis.com  
 
[debug] [2021-08-01T23:52:38.006Z] <<< HTTP RESPONSE 200 {"content-type":"application/json; charset=UTF-8","vary":"X-Origin, Referer, Origin,Accept-Encoding","date":"Sun, 01 Aug 2021 23:52:37 GMT","server":"ESF","cache-control":"private","x-xss-protection":"0","x-frame-options":"SAMEORIGIN","x-content-type-options":"nosniff","alt-svc":"h3=\":443\"; ma=2592000,h3-29=\":443\"; ma=2592000,h3-T051=\":443\"; ma=2592000,h3-Q050=\":443\"; ma=2592000,h3-Q046=\":443\"; ma=2592000,h3-Q043=\":443\"; ma=2592000,quic=\":443\"; ma=2592000; v=\"46,43\"","accept-ranges":"none","transfer-encoding":"chunked"}
[debug] [2021-08-01T23:52:38.050Z] <<< HTTP RESPONSE 200 {"content-type":"application/json; charset=UTF-8","vary":"X-Origin, Referer, Origin,Accept-Encoding","date":"Sun, 01 Aug 2021 23:52:37 GMT","server":"ESF","cache-control":"private","x-xss-protection":"0","x-frame-options":"SAMEORIGIN","x-content-type-options":"nosniff","alt-svc":"h3=\":443\"; ma=2592000,h3-29=\":443\"; ma=2592000,h3-T051=\":443\"; ma=2592000,h3-Q050=\":443\"; ma=2592000,h3-Q046=\":443\"; ma=2592000,h3-Q043=\":443\"; ma=2592000,quic=\":443\"; ma=2592000; v=\"46,43\"","accept-ranges":"none","transfer-encoding":"chunked"}
[info] +  functions: required API cloudbuild.googleapis.com is enabled 
[debug] [2021-08-01T23:52:38.069Z] <<< HTTP RESPONSE 200 {"content-type":"application/json; charset=UTF-8","vary":"X-Origin, Referer, Origin,Accept-Encoding","date":"Sun, 01 Aug 2021 23:52:37 GMT","server":"ESF","cache-control":"private","x-xss-protection":"0","x-frame-options":"SAMEORIGIN","x-content-type-options":"nosniff","alt-svc":"h3=\":443\"; ma=2592000,h3-29=\":443\"; ma=2592000,h3-T051=\":443\"; ma=2592000,h3-Q050=\":443\"; ma=2592000,h3-Q046=\":443\"; ma=2592000,h3-Q043=\":443\"; ma=2592000,quic=\":443\"; ma=2592000; v=\"46,43\"","accept-ranges":"none","transfer-encoding":"chunked"}
[info] +  functions: required API cloudfunctions.googleapis.com is enabled 
[debug] [2021-08-01T23:52:38.069Z] >>> HTTP REQUEST GET https://firebase.googleapis.com/v1beta1/projects/faqtoff-ar/adminSdkConfig  
 
[debug] [2021-08-01T23:52:39.120Z] <<< HTTP RESPONSE 200 {"content-type":"application/json; charset=UTF-8","vary":"X-Origin, Referer, Origin,Accept-Encoding","date":"Sun, 01 Aug 2021 23:52:38 GMT","server":"ESF","cache-control":"private","x-xss-protection":"0","x-frame-options":"SAMEORIGIN","x-content-type-options":"nosniff","alt-svc":"h3=\":443\"; ma=2592000,h3-29=\":443\"; ma=2592000,h3-T051=\":443\"; ma=2592000,h3-Q050=\":443\"; ma=2592000,h3-Q046=\":443\"; ma=2592000,h3-Q043=\":443\"; ma=2592000,quic=\":443\"; ma=2592000; v=\"46,43\"","accept-ranges":"none","transfer-encoding":"chunked"}
[debug] [2021-08-01T23:52:39.123Z] >>> HTTP REQUEST GET https://runtimeconfig.googleapis.com/v1beta1/projects/faqtoff-ar/configs  
 
[debug] [2021-08-01T23:52:40.189Z] <<< HTTP RESPONSE 200 {"content-type":"application/json; charset=UTF-8","vary":"X-Origin, Referer, Origin,Accept-Encoding","date":"Sun, 01 Aug 2021 23:52:40 GMT","server":"ESF","cache-control":"private","x-xss-protection":"0","x-frame-options":"SAMEORIGIN","x-content-type-options":"nosniff","alt-svc":"h3=\":443\"; ma=2592000,h3-29=\":443\"; ma=2592000,h3-T051=\":443\"; ma=2592000,h3-Q050=\":443\"; ma=2592000,h3-Q046=\":443\"; ma=2592000,h3-Q043=\":443\"; ma=2592000,quic=\":443\"; ma=2592000; v=\"46,43\"","accept-ranges":"none","transfer-encoding":"chunked"}
[debug] [2021-08-01T23:52:40.192Z] >>> HTTP REQUEST GET https://runtimeconfig.googleapis.com/v1beta1/projects/faqtoff-ar/configs/gmail/variables  
 
[debug] [2021-08-01T23:52:40.193Z] >>> HTTP REQUEST GET https://runtimeconfig.googleapis.com/v1beta1/projects/faqtoff-ar/configs/mercadopago/variables  
 
[debug] [2021-08-01T23:52:40.540Z] <<< HTTP RESPONSE 200 {"content-type":"application/json; charset=UTF-8","vary":"X-Origin, Referer, Origin,Accept-Encoding","date":"Sun, 01 Aug 2021 23:52:40 GMT","server":"ESF","cache-control":"private","x-xss-protection":"0","x-frame-options":"SAMEORIGIN","x-content-type-options":"nosniff","alt-svc":"h3=\":443\"; ma=2592000,h3-29=\":443\"; ma=2592000,h3-T051=\":443\"; ma=2592000,h3-Q050=\":443\"; ma=2592000,h3-Q046=\":443\"; ma=2592000,h3-Q043=\":443\"; ma=2592000,quic=\":443\"; ma=2592000; v=\"46,43\"","accept-ranges":"none","transfer-encoding":"chunked"}
[debug] [2021-08-01T23:52:40.541Z] >>> HTTP REQUEST GET https://runtimeconfig.googleapis.com/v1beta1/projects/faqtoff-ar/configs/gmail/variables/email  
 
[debug] [2021-08-01T23:52:40.541Z] >>> HTTP REQUEST GET https://runtimeconfig.googleapis.com/v1beta1/projects/faqtoff-ar/configs/gmail/variables/password  
 
[debug] [2021-08-01T23:52:40.866Z] <<< HTTP RESPONSE 200 {"content-type":"application/json; charset=UTF-8","vary":"X-Origin, Referer, Origin,Accept-Encoding","date":"Sun, 01 Aug 2021 23:52:40 GMT","server":"ESF","cache-control":"private","x-xss-protection":"0","x-frame-options":"SAMEORIGIN","x-content-type-options":"nosniff","alt-svc":"h3=\":443\"; ma=2592000,h3-29=\":443\"; ma=2592000,h3-T051=\":443\"; ma=2592000,h3-Q050=\":443\"; ma=2592000,h3-Q046=\":443\"; ma=2592000,h3-Q043=\":443\"; ma=2592000,quic=\":443\"; ma=2592000; v=\"46,43\"","accept-ranges":"none","transfer-encoding":"chunked"}
[debug] [2021-08-01T23:52:41.252Z] <<< HTTP RESPONSE 200 {"content-type":"application/json; charset=UTF-8","vary":"X-Origin, Referer, Origin,Accept-Encoding","date":"Sun, 01 Aug 2021 23:52:41 GMT","server":"ESF","cache-control":"private","x-xss-protection":"0","x-frame-options":"SAMEORIGIN","x-content-type-options":"nosniff","alt-svc":"h3=\":443\"; ma=2592000,h3-29=\":443\"; ma=2592000,h3-T051=\":443\"; ma=2592000,h3-Q050=\":443\"; ma=2592000,h3-Q046=\":443\"; ma=2592000,h3-Q043=\":443\"; ma=2592000,quic=\":443\"; ma=2592000; v=\"46,43\"","accept-ranges":"none","transfer-encoding":"chunked"}
[debug] [2021-08-01T23:52:41.255Z] >>> HTTP REQUEST GET https://runtimeconfig.googleapis.com/v1beta1/projects/faqtoff-ar/configs/mercadopago/variables/client_id  
 
[debug] [2021-08-01T23:52:41.255Z] >>> HTTP REQUEST GET https://runtimeconfig.googleapis.com/v1beta1/projects/faqtoff-ar/configs/mercadopago/variables/client_secret  
 
[debug] [2021-08-01T23:52:41.255Z] >>> HTTP REQUEST GET https://runtimeconfig.googleapis.com/v1beta1/projects/faqtoff-ar/configs/mercadopago/variables/id  
 
[debug] [2021-08-01T23:52:41.256Z] >>> HTTP REQUEST GET https://runtimeconfig.googleapis.com/v1beta1/projects/faqtoff-ar/configs/mercadopago/variables/key  
 
[debug] [2021-08-01T23:52:41.256Z] >>> HTTP REQUEST GET https://runtimeconfig.googleapis.com/v1beta1/projects/faqtoff-ar/configs/mercadopago/variables/public_key  
 
[debug] [2021-08-01T23:52:41.256Z] >>> HTTP REQUEST GET https://runtimeconfig.googleapis.com/v1beta1/projects/faqtoff-ar/configs/mercadopago/variables/access_token  
 
[debug] [2021-08-01T23:52:41.509Z] <<< HTTP RESPONSE 200 {"content-type":"application/json; charset=UTF-8","vary":"X-Origin, Referer, Origin,Accept-Encoding","date":"Sun, 01 Aug 2021 23:52:41 GMT","server":"ESF","cache-control":"private","x-xss-protection":"0","x-frame-options":"SAMEORIGIN","x-content-type-options":"nosniff","alt-svc":"h3=\":443\"; ma=2592000,h3-29=\":443\"; ma=2592000,h3-T051=\":443\"; ma=2592000,h3-Q050=\":443\"; ma=2592000,h3-Q046=\":443\"; ma=2592000,h3-Q043=\":443\"; ma=2592000,quic=\":443\"; ma=2592000; v=\"46,43\"","accept-ranges":"none","transfer-encoding":"chunked"}
[debug] [2021-08-01T23:52:41.568Z] <<< HTTP RESPONSE 200 {"content-type":"application/json; charset=UTF-8","vary":"X-Origin, Referer, Origin,Accept-Encoding","date":"Sun, 01 Aug 2021 23:52:41 GMT","server":"ESF","cache-control":"private","x-xss-protection":"0","x-frame-options":"SAMEORIGIN","x-content-type-options":"nosniff","alt-svc":"h3=\":443\"; ma=2592000,h3-29=\":443\"; ma=2592000,h3-T051=\":443\"; ma=2592000,h3-Q050=\":443\"; ma=2592000,h3-Q046=\":443\"; ma=2592000,h3-Q043=\":443\"; ma=2592000,quic=\":443\"; ma=2592000; v=\"46,43\"","accept-ranges":"none","transfer-encoding":"chunked"}
[debug] [2021-08-01T23:52:41.599Z] <<< HTTP RESPONSE 200 {"content-type":"application/json; charset=UTF-8","vary":"X-Origin, Referer, Origin,Accept-Encoding","date":"Sun, 01 Aug 2021 23:52:41 GMT","server":"ESF","cache-control":"private","x-xss-protection":"0","x-frame-options":"SAMEORIGIN","x-content-type-options":"nosniff","alt-svc":"h3=\":443\"; ma=2592000,h3-29=\":443\"; ma=2592000,h3-T051=\":443\"; ma=2592000,h3-Q050=\":443\"; ma=2592000,h3-Q046=\":443\"; ma=2592000,h3-Q043=\":443\"; ma=2592000,quic=\":443\"; ma=2592000; v=\"46,43\"","accept-ranges":"none","transfer-encoding":"chunked"}
[debug] [2021-08-01T23:52:41.600Z] <<< HTTP RESPONSE 200 {"content-type":"application/json; charset=UTF-8","vary":"X-Origin, Referer, Origin,Accept-Encoding","date":"Sun, 01 Aug 2021 23:52:41 GMT","server":"ESF","cache-control":"private","x-xss-protection":"0","x-frame-options":"SAMEORIGIN","x-content-type-options":"nosniff","alt-svc":"h3=\":443\"; ma=2592000,h3-29=\":443\"; ma=2592000,h3-T051=\":443\"; ma=2592000,h3-Q050=\":443\"; ma=2592000,h3-Q046=\":443\"; ma=2592000,h3-Q043=\":443\"; ma=2592000,quic=\":443\"; ma=2592000; v=\"46,43\"","accept-ranges":"none","transfer-encoding":"chunked"}
[debug] [2021-08-01T23:52:41.702Z] <<< HTTP RESPONSE 200 {"content-type":"application/json; charset=UTF-8","vary":"X-Origin, Referer, Origin,Accept-Encoding","date":"Sun, 01 Aug 2021 23:52:41 GMT","server":"ESF","cache-control":"private","x-xss-protection":"0","x-frame-options":"SAMEORIGIN","x-content-type-options":"nosniff","alt-svc":"h3=\":443\"; ma=2592000,h3-29=\":443\"; ma=2592000,h3-T051=\":443\"; ma=2592000,h3-Q050=\":443\"; ma=2592000,h3-Q046=\":443\"; ma=2592000,h3-Q043=\":443\"; ma=2592000,quic=\":443\"; ma=2592000; v=\"46,43\"","accept-ranges":"none","transfer-encoding":"chunked"}
[debug] [2021-08-01T23:52:41.726Z] <<< HTTP RESPONSE 200 {"content-type":"application/json; charset=UTF-8","vary":"X-Origin, Referer, Origin,Accept-Encoding","date":"Sun, 01 Aug 2021 23:52:41 GMT","server":"ESF","cache-control":"private","x-xss-protection":"0","x-frame-options":"SAMEORIGIN","x-content-type-options":"nosniff","alt-svc":"h3=\":443\"; ma=2592000,h3-29=\":443\"; ma=2592000,h3-T051=\":443\"; ma=2592000,h3-Q050=\":443\"; ma=2592000,h3-Q046=\":443\"; ma=2592000,h3-Q043=\":443\"; ma=2592000,quic=\":443\"; ma=2592000; v=\"46,43\"","accept-ranges":"none","transfer-encoding":"chunked"}
[debug] [2021-08-01T23:52:42.259Z] <<< HTTP RESPONSE 200 {"content-type":"application/json; charset=UTF-8","vary":"X-Origin, Referer, Origin,Accept-Encoding","date":"Sun, 01 Aug 2021 23:52:42 GMT","server":"ESF","cache-control":"private","x-xss-protection":"0","x-frame-options":"SAMEORIGIN","x-content-type-options":"nosniff","alt-svc":"h3=\":443\"; ma=2592000,h3-29=\":443\"; ma=2592000,h3-T051=\":443\"; ma=2592000,h3-Q050=\":443\"; ma=2592000,h3-Q046=\":443\"; ma=2592000,h3-Q043=\":443\"; ma=2592000,quic=\":443\"; ma=2592000; v=\"46,43\"","accept-ranges":"none","transfer-encoding":"chunked"}
[debug] [2021-08-01T23:52:42.260Z] Analyzing nodejs backend spec
[info] i  functions: preparing functions directory for uploading... 
[info] i  functions: packaged functions (29.98 KB) for uploading 
[debug] [2021-08-01T23:52:42.768Z] >>> HTTP REQUEST GET https://cloudfunctions.googleapis.com/v1/projects/faqtoff-ar/locations/-/functions  
 
[debug] [2021-08-01T23:52:44.298Z] <<< HTTP RESPONSE 200 {"content-type":"application/json; charset=UTF-8","vary":"X-Origin, Referer, Origin,Accept-Encoding","date":"Sun, 01 Aug 2021 23:52:44 GMT","server":"ESF","cache-control":"private","x-xss-protection":"0","x-frame-options":"SAMEORIGIN","x-content-type-options":"nosniff","alt-svc":"h3=\":443\"; ma=2592000,h3-29=\":443\"; ma=2592000,h3-T051=\":443\"; ma=2592000,h3-Q050=\":443\"; ma=2592000,h3-Q046=\":443\"; ma=2592000,h3-Q043=\":443\"; ma=2592000,quic=\":443\"; ma=2592000; v=\"46,43\"","accept-ranges":"none","transfer-encoding":"chunked"}
[debug] [2021-08-01T23:52:44.306Z] >>> HTTP REQUEST POST https://cloudfunctions.googleapis.com/v1/projects/faqtoff-ar/locations/us-central1/functions:generateUploadUrl  
 
[debug] [2021-08-01T23:52:45.178Z] <<< HTTP RESPONSE 200 {"content-type":"application/json; charset=UTF-8","vary":"X-Origin, Referer, Origin,Accept-Encoding","date":"Sun, 01 Aug 2021 23:52:45 GMT","server":"ESF","cache-control":"private","x-xss-protection":"0","x-frame-options":"SAMEORIGIN","x-content-type-options":"nosniff","alt-svc":"h3=\":443\"; ma=2592000,h3-29=\":443\"; ma=2592000,h3-T051=\":443\"; ma=2592000,h3-Q050=\":443\"; ma=2592000,h3-Q046=\":443\"; ma=2592000,h3-Q043=\":443\"; ma=2592000,quic=\":443\"; ma=2592000; v=\"46,43\"","accept-ranges":"none","transfer-encoding":"chunked"}
[debug] [2021-08-01T23:52:45.182Z] >>> HTTP REQUEST PUT https://storage.googleapis.com/gcf-upload-us-central1-4145d0b3-a11f-4981-b73c-f5ed4ddcb01c/7ca39687-6657-4226-8940-5c88923ee031.zip?GoogleAccessId=service-518149881728@gcf-admin-robot.iam.gserviceaccount.com&Expires=1627863764&Signature=TLEkq%2BIUNHS76rcQjDGiMLz7%2Fk%2F56WHFe6sBd7KhQIdlv296NMmC4mN4tiQ%2BJAPF4pPntsNcHN%2FEZcLl2UYprnSh9LUHs6IvrvRM2garukgPG7jrtuy6tAoJJ4OsVirKL86pXGxPIj31VRh2Ws1kd%2FeZv%2Fixd%2BLp72X3ylJUeXLwkB4qfToRc8lRlZ9VTeNHk%2BEIjfq%2BpFTgJU69LSAYI5Ed4%2FIZYek3V6nZHLYG0wgHjBQVgSudTgfs9PlmoKZ6rxPPnXDif9%2FVVaKFYAlMXBVnt93QPTsCpwupLQfyRnnR9nGfRrj%2Btl%2FE7xN7AUGJzFmeARVNgRX1gfEIGoPqKw%3D%3D  
 <request body omitted>
[debug] [2021-08-01T23:52:45.744Z] <<< HTTP RESPONSE 200 {"x-guploader-uploadid":"ADPycduLN7JjY2i3QScPr39aznYC3Fi6jz4TFN9dMomokzjciqnfPvGwXMjWnz9_cm8tQf5UWS8gPwtOhsPUMk733Q","etag":"\"334348406f8e912511ff96d888ab0f1d\"","x-goog-generation":"1627861965551941","x-goog-metageneration":"1","x-goog-hash":"crc32c=D8VSJg==, md5=M0NIQG+OkSUR/5bYiKsPHQ==","x-goog-stored-content-length":"30698","x-goog-stored-content-encoding":"identity","vary":"Origin","content-length":"0","date":"Sun, 01 Aug 2021 23:52:45 GMT","server":"UploadServer","content-type":"text/html; charset=UTF-8","alt-svc":"h3=\":443\"; ma=2592000,h3-29=\":443\"; ma=2592000,h3-T051=\":443\"; ma=2592000,h3-Q050=\":443\"; ma=2592000,h3-Q046=\":443\"; ma=2592000,h3-Q043=\":443\"; ma=2592000,quic=\":443\"; ma=2592000; v=\"46,43\""}
[info] +  functions: functions folder uploaded successfully 
[info] i  functions: updating Node.js 14 function mailer(us-central1)... 
[debug] [2021-08-01T23:52:45.748Z] >>> HTTP REQUEST PATCH https://cloudfunctions.googleapis.com/v1/projects/faqtoff-ar/locations/us-central1/functions/mailer {"updateMask":"name,sourceUploadUrl,entryPoint,runtime,httpsTrigger.securityLevel,labels,environmentVariables"} 
 {"name":"projects/faqtoff-ar/locations/us-central1/functions/mailer","sourceUploadUrl":"https://storage.googleapis.com/gcf-upload-us-central1-4145d0b3-a11f-4981-b73c-f5ed4ddcb01c/7ca39687-6657-4226-8940-5c88923ee031.zip?GoogleAccessId=service-518149881728@gcf-admin-robot.iam.gserviceaccount.com&Expires=1627863764&Signature=TLEkq%2BIUNHS76rcQjDGiMLz7%2Fk%2F56WHFe6sBd7KhQIdlv296NMmC4mN4tiQ%2BJAPF4pPntsNcHN%2FEZcLl2UYprnSh9LUHs6IvrvRM2garukgPG7jrtuy6tAoJJ4OsVirKL86pXGxPIj31VRh2Ws1kd%2FeZv%2Fixd%2BLp72X3ylJUeXLwkB4qfToRc8lRlZ9VTeNHk%2BEIjfq%2BpFTgJU69LSAYI5Ed4%2FIZYek3V6nZHLYG0wgHjBQVgSudTgfs9PlmoKZ6rxPPnXDif9%2FVVaKFYAlMXBVnt93QPTsCpwupLQfyRnnR9nGfRrj%2Btl%2FE7xN7AUGJzFmeARVNgRX1gfEIGoPqKw%3D%3D","entryPoint":"mailer","runtime":"nodejs14","httpsTrigger":{"securityLevel":"SECURE_OPTIONAL"},"labels":{"deployment-tool":"cli-firebase"},"environmentVariables":{"FIREBASE_CONFIG":"{\"projectId\":\"faqtoff-ar\",\"storageBucket\":\"faqtoff-ar.appspot.com\",\"locationId\":\"us-central\"}"}}
[debug] [2021-08-01T23:52:46.789Z] <<< HTTP RESPONSE 200 {"content-type":"application/json; charset=UTF-8","vary":"X-Origin, Referer, Origin,Accept-Encoding","date":"Sun, 01 Aug 2021 23:52:46 GMT","server":"ESF","cache-control":"private","x-xss-protection":"0","x-frame-options":"SAMEORIGIN","x-content-type-options":"nosniff","alt-svc":"h3=\":443\"; ma=2592000,h3-29=\":443\"; ma=2592000,h3-T051=\":443\"; ma=2592000,h3-Q050=\":443\"; ma=2592000,h3-Q046=\":443\"; ma=2592000,h3-Q043=\":443\"; ma=2592000,quic=\":443\"; ma=2592000; v=\"46,43\"","accept-ranges":"none","transfer-encoding":"chunked"}
[debug] [2021-08-01T23:52:46.793Z] > refreshing access token with scopes: []
[debug] [2021-08-01T23:52:46.794Z] >>> HTTP REQUEST POST https://www.googleapis.com/oauth2/v3/token  
 <request body omitted>
[debug] [2021-08-01T23:52:46.984Z] <<< HTTP RESPONSE 200 {"cache-control":"no-cache, no-store, max-age=0, must-revalidate","date":"Sun, 01 Aug 2021 23:52:46 GMT","expires":"Mon, 01 Jan 1990 00:00:00 GMT","pragma":"no-cache","content-type":"application/json; charset=utf-8","vary":"X-Origin, Referer, Origin,Accept-Encoding","server":"scaffolding on HTTPServer2","x-xss-protection":"0","x-frame-options":"SAMEORIGIN","x-content-type-options":"nosniff","alt-svc":"h3=\":443\"; ma=2592000,h3-29=\":443\"; ma=2592000,h3-T051=\":443\"; ma=2592000,h3-Q050=\":443\"; ma=2592000,h3-Q046=\":443\"; ma=2592000,h3-Q043=\":443\"; ma=2592000,quic=\":443\"; ma=2592000; v=\"46,43\"","accept-ranges":"none","transfer-encoding":"chunked"}
[debug] [2021-08-01T23:52:47.014Z] >>> [apiv2][query] GET https://cloudfunctions.googleapis.com/v1/operations/ZmFxdG9mZi1hci91cy1jZW50cmFsMS9tYWlsZXIvVC1wU2pMQ0dCa2c [none]
[debug] [2021-08-01T23:52:47.836Z] <<< [apiv2][status] GET https://cloudfunctions.googleapis.com/v1/operations/ZmFxdG9mZi1hci91cy1jZW50cmFsMS9tYWlsZXIvVC1wU2pMQ0dCa2c 200
[debug] [2021-08-01T23:52:47.836Z] <<< [apiv2][body] GET https://cloudfunctions.googleapis.com/v1/operations/ZmFxdG9mZi1hci91cy1jZW50cmFsMS9tYWlsZXIvVC1wU2pMQ0dCa2c {"name":"operations/ZmFxdG9mZi1hci91cy1jZW50cmFsMS9tYWlsZXIvVC1wU2pMQ0dCa2c","metadata":{"@type":"type.googleapis.com/google.cloud.functions.v1.OperationMetadataV1","target":"projects/faqtoff-ar/locations/us-central1/functions/mailer","type":"UPDATE_FUNCTION","request":{"@type":"type.googleapis.com/google.cloud.functions.v1.CloudFunction","name":"projects/faqtoff-ar/locations/us-central1/functions/mailer","httpsTrigger":{"url":"https://us-central1-faqtoff-ar.cloudfunctions.net/mailer","securityLevel":"SECURE_OPTIONAL"},"status":"ACTIVE","entryPoint":"mailer","timeout":"60s","availableMemoryMb":256,"serviceAccountEmail":"faqtoff-ar@appspot.gserviceaccount.com","updateTime":"2021-08-01T23:49:15.138Z","versionId":"62","labels":{"deployment-tool":"cli-firebase"},"sourceUploadUrl":"https://storage.googleapis.com/gcf-upload-us-central1-4145d0b3-a11f-4981-b73c-f5ed4ddcb01c/7ca39687-6657-4226-8940-5c88923ee031.zip?GoogleAccessId=service-518149881728@gcf-admin-robot.iam.gserviceaccount.com&Expires=1627863764&Signature=TLEkq%2BIUNHS76rcQjDGiMLz7%2Fk%2F56WHFe6sBd7KhQIdlv296NMmC4mN4tiQ%2BJAPF4pPntsNcHN%2FEZcLl2UYprnSh9LUHs6IvrvRM2garukgPG7jrtuy6tAoJJ4OsVirKL86pXGxPIj31VRh2Ws1kd%2FeZv%2Fixd%2BLp72X3ylJUeXLwkB4qfToRc8lRlZ9VTeNHk%2BEIjfq%2BpFTgJU69LSAYI5Ed4%2FIZYek3V6nZHLYG0wgHjBQVgSudTgfs9PlmoKZ6rxPPnXDif9%2FVVaKFYAlMXBVnt93QPTsCpwupLQfyRnnR9nGfRrj%2Btl%2FE7xN7AUGJzFmeARVNgRX1gfEIGoPqKw%3D%3D","environmentVariables":{"FIREBASE_CONFIG":"{\"projectId\":\"faqtoff-ar\",\"storageBucket\":\"faqtoff-ar.appspot.com\",\"locationId\":\"us-central\"}"},"runtime":"nodejs14","ingressSettings":"ALLOW_ALL","buildId":"c4b9b4cc-090b-42a7-b0f4-e12325fa0baf"},"versionId":"63","updateTime":"2021-08-01T23:52:46Z","buildId":"944557fd-9248-4ffd-9061-32606d586f61","buildName":"projects/518149881728/locations/us-central1/builds/944557fd-9248-4ffd-9061-32606d586f61"}}
[debug] [2021-08-01T23:52:48.347Z] [update-projects/faqtoff-ar/locations/us-central1/functions/mailer] Retrying task index 0
[debug] [2021-08-01T23:52:48.348Z] >>> [apiv2][query] GET https://cloudfunctions.googleapis.com/v1/operations/ZmFxdG9mZi1hci91cy1jZW50cmFsMS9tYWlsZXIvVC1wU2pMQ0dCa2c [none]
[debug] [2021-08-01T23:52:49.150Z] <<< [apiv2][status] GET https://cloudfunctions.googleapis.com/v1/operations/ZmFxdG9mZi1hci91cy1jZW50cmFsMS9tYWlsZXIvVC1wU2pMQ0dCa2c 200
[debug] [2021-08-01T23:52:49.151Z] <<< [apiv2][body] GET https://cloudfunctions.googleapis.com/v1/operations/ZmFxdG9mZi1hci91cy1jZW50cmFsMS9tYWlsZXIvVC1wU2pMQ0dCa2c {"name":"operations/ZmFxdG9mZi1hci91cy1jZW50cmFsMS9tYWlsZXIvVC1wU2pMQ0dCa2c","metadata":{"@type":"type.googleapis.com/google.cloud.functions.v1.OperationMetadataV1","target":"projects/faqtoff-ar/locations/us-central1/functions/mailer","type":"UPDATE_FUNCTION","request":{"@type":"type.googleapis.com/google.cloud.functions.v1.CloudFunction","name":"projects/faqtoff-ar/locations/us-central1/functions/mailer","httpsTrigger":{"url":"https://us-central1-faqtoff-ar.cloudfunctions.net/mailer","securityLevel":"SECURE_OPTIONAL"},"status":"ACTIVE","entryPoint":"mailer","timeout":"60s","availableMemoryMb":256,"serviceAccountEmail":"faqtoff-ar@appspot.gserviceaccount.com","updateTime":"2021-08-01T23:49:15.138Z","versionId":"62","labels":{"deployment-tool":"cli-firebase"},"sourceUploadUrl":"https://storage.googleapis.com/gcf-upload-us-central1-4145d0b3-a11f-4981-b73c-f5ed4ddcb01c/7ca39687-6657-4226-8940-5c88923ee031.zip?GoogleAccessId=service-518149881728@gcf-admin-robot.iam.gserviceaccount.com&Expires=1627863764&Signature=TLEkq%2BIUNHS76rcQjDGiMLz7%2Fk%2F56WHFe6sBd7KhQIdlv296NMmC4mN4tiQ%2BJAPF4pPntsNcHN%2FEZcLl2UYprnSh9LUHs6IvrvRM2garukgPG7jrtuy6tAoJJ4OsVirKL86pXGxPIj31VRh2Ws1kd%2FeZv%2Fixd%2BLp72X3ylJUeXLwkB4qfToRc8lRlZ9VTeNHk%2BEIjfq%2BpFTgJU69LSAYI5Ed4%2FIZYek3V6nZHLYG0wgHjBQVgSudTgfs9PlmoKZ6rxPPnXDif9%2FVVaKFYAlMXBVnt93QPTsCpwupLQfyRnnR9nGfRrj%2Btl%2FE7xN7AUGJzFmeARVNgRX1gfEIGoPqKw%3D%3D","environmentVariables":{"FIREBASE_CONFIG":"{\"projectId\":\"faqtoff-ar\",\"storageBucket\":\"faqtoff-ar.appspot.com\",\"locationId\":\"us-central\"}"},"runtime":"nodejs14","ingressSettings":"ALLOW_ALL","buildId":"c4b9b4cc-090b-42a7-b0f4-e12325fa0baf"},"versionId":"63","updateTime":"2021-08-01T23:52:46Z","buildId":"944557fd-9248-4ffd-9061-32606d586f61","buildName":"projects/518149881728/locations/us-central1/builds/944557fd-9248-4ffd-9061-32606d586f61"}}
[debug] [2021-08-01T23:52:50.166Z] [update-projects/faqtoff-ar/locations/us-central1/functions/mailer] Retrying task index 0
[debug] [2021-08-01T23:52:50.167Z] >>> [apiv2][query] GET https://cloudfunctions.googleapis.com/v1/operations/ZmFxdG9mZi1hci91cy1jZW50cmFsMS9tYWlsZXIvVC1wU2pMQ0dCa2c [none]
[debug] [2021-08-01T23:52:50.553Z] <<< [apiv2][status] GET https://cloudfunctions.googleapis.com/v1/operations/ZmFxdG9mZi1hci91cy1jZW50cmFsMS9tYWlsZXIvVC1wU2pMQ0dCa2c 200
[debug] [2021-08-01T23:52:50.554Z] <<< [apiv2][body] GET https://cloudfunctions.googleapis.com/v1/operations/ZmFxdG9mZi1hci91cy1jZW50cmFsMS9tYWlsZXIvVC1wU2pMQ0dCa2c {"name":"operations/ZmFxdG9mZi1hci91cy1jZW50cmFsMS9tYWlsZXIvVC1wU2pMQ0dCa2c","metadata":{"@type":"type.googleapis.com/google.cloud.functions.v1.OperationMetadataV1","target":"projects/faqtoff-ar/locations/us-central1/functions/mailer","type":"UPDATE_FUNCTION","request":{"@type":"type.googleapis.com/google.cloud.functions.v1.CloudFunction","name":"projects/faqtoff-ar/locations/us-central1/functions/mailer","httpsTrigger":{"url":"https://us-central1-faqtoff-ar.cloudfunctions.net/mailer","securityLevel":"SECURE_OPTIONAL"},"status":"ACTIVE","entryPoint":"mailer","timeout":"60s","availableMemoryMb":256,"serviceAccountEmail":"faqtoff-ar@appspot.gserviceaccount.com","updateTime":"2021-08-01T23:49:15.138Z","versionId":"62","labels":{"deployment-tool":"cli-firebase"},"sourceUploadUrl":"https://storage.googleapis.com/gcf-upload-us-central1-4145d0b3-a11f-4981-b73c-f5ed4ddcb01c/7ca39687-6657-4226-8940-5c88923ee031.zip?GoogleAccessId=service-518149881728@gcf-admin-robot.iam.gserviceaccount.com&Expires=1627863764&Signature=TLEkq%2BIUNHS76rcQjDGiMLz7%2Fk%2F56WHFe6sBd7KhQIdlv296NMmC4mN4tiQ%2BJAPF4pPntsNcHN%2FEZcLl2UYprnSh9LUHs6IvrvRM2garukgPG7jrtuy6tAoJJ4OsVirKL86pXGxPIj31VRh2Ws1kd%2FeZv%2Fixd%2BLp72X3ylJUeXLwkB4qfToRc8lRlZ9VTeNHk%2BEIjfq%2BpFTgJU69LSAYI5Ed4%2FIZYek3V6nZHLYG0wgHjBQVgSudTgfs9PlmoKZ6rxPPnXDif9%2FVVaKFYAlMXBVnt93QPTsCpwupLQfyRnnR9nGfRrj%2Btl%2FE7xN7AUGJzFmeARVNgRX1gfEIGoPqKw%3D%3D","environmentVariables":{"FIREBASE_CONFIG":"{\"projectId\":\"faqtoff-ar\",\"storageBucket\":\"faqtoff-ar.appspot.com\",\"locationId\":\"us-central\"}"},"runtime":"nodejs14","ingressSettings":"ALLOW_ALL","buildId":"c4b9b4cc-090b-42a7-b0f4-e12325fa0baf"},"versionId":"63","updateTime":"2021-08-01T23:52:46Z","buildId":"944557fd-9248-4ffd-9061-32606d586f61","buildName":"projects/518149881728/locations/us-central1/builds/944557fd-9248-4ffd-9061-32606d586f61"}}
[debug] [2021-08-01T23:52:52.562Z] [update-projects/faqtoff-ar/locations/us-central1/functions/mailer] Retrying task index 0
[debug] [2021-08-01T23:52:52.563Z] >>> [apiv2][query] GET https://cloudfunctions.googleapis.com/v1/operations/ZmFxdG9mZi1hci91cy1jZW50cmFsMS9tYWlsZXIvVC1wU2pMQ0dCa2c [none]
[debug] [2021-08-01T23:52:53.391Z] <<< [apiv2][status] GET https://cloudfunctions.googleapis.com/v1/operations/ZmFxdG9mZi1hci91cy1jZW50cmFsMS9tYWlsZXIvVC1wU2pMQ0dCa2c 200
[debug] [2021-08-01T23:52:53.391Z] <<< [apiv2][body] GET https://cloudfunctions.googleapis.com/v1/operations/ZmFxdG9mZi1hci91cy1jZW50cmFsMS9tYWlsZXIvVC1wU2pMQ0dCa2c {"name":"operations/ZmFxdG9mZi1hci91cy1jZW50cmFsMS9tYWlsZXIvVC1wU2pMQ0dCa2c","metadata":{"@type":"type.googleapis.com/google.cloud.functions.v1.OperationMetadataV1","target":"projects/faqtoff-ar/locations/us-central1/functions/mailer","type":"UPDATE_FUNCTION","request":{"@type":"type.googleapis.com/google.cloud.functions.v1.CloudFunction","name":"projects/faqtoff-ar/locations/us-central1/functions/mailer","httpsTrigger":{"url":"https://us-central1-faqtoff-ar.cloudfunctions.net/mailer","securityLevel":"SECURE_OPTIONAL"},"status":"ACTIVE","entryPoint":"mailer","timeout":"60s","availableMemoryMb":256,"serviceAccountEmail":"faqtoff-ar@appspot.gserviceaccount.com","updateTime":"2021-08-01T23:49:15.138Z","versionId":"62","labels":{"deployment-tool":"cli-firebase"},"sourceUploadUrl":"https://storage.googleapis.com/gcf-upload-us-central1-4145d0b3-a11f-4981-b73c-f5ed4ddcb01c/7ca39687-6657-4226-8940-5c88923ee031.zip?GoogleAccessId=service-518149881728@gcf-admin-robot.iam.gserviceaccount.com&Expires=1627863764&Signature=TLEkq%2BIUNHS76rcQjDGiMLz7%2Fk%2F56WHFe6sBd7KhQIdlv296NMmC4mN4tiQ%2BJAPF4pPntsNcHN%2FEZcLl2UYprnSh9LUHs6IvrvRM2garukgPG7jrtuy6tAoJJ4OsVirKL86pXGxPIj31VRh2Ws1kd%2FeZv%2Fixd%2BLp72X3ylJUeXLwkB4qfToRc8lRlZ9VTeNHk%2BEIjfq%2BpFTgJU69LSAYI5Ed4%2FIZYek3V6nZHLYG0wgHjBQVgSudTgfs9PlmoKZ6rxPPnXDif9%2FVVaKFYAlMXBVnt93QPTsCpwupLQfyRnnR9nGfRrj%2Btl%2FE7xN7AUGJzFmeARVNgRX1gfEIGoPqKw%3D%3D","environmentVariables":{"FIREBASE_CONFIG":"{\"projectId\":\"faqtoff-ar\",\"storageBucket\":\"faqtoff-ar.appspot.com\",\"locationId\":\"us-central\"}"},"runtime":"nodejs14","ingressSettings":"ALLOW_ALL","buildId":"c4b9b4cc-090b-42a7-b0f4-e12325fa0baf"},"versionId":"63","updateTime":"2021-08-01T23:52:46Z","buildId":"944557fd-9248-4ffd-9061-32606d586f61","buildName":"projects/518149881728/locations/us-central1/builds/944557fd-9248-4ffd-9061-32606d586f61"}}
[debug] [2021-08-01T23:52:57.393Z] [update-projects/faqtoff-ar/locations/us-central1/functions/mailer] Retrying task index 0
[debug] [2021-08-01T23:52:57.394Z] >>> [apiv2][query] GET https://cloudfunctions.googleapis.com/v1/operations/ZmFxdG9mZi1hci91cy1jZW50cmFsMS9tYWlsZXIvVC1wU2pMQ0dCa2c [none]
[debug] [2021-08-01T23:52:58.229Z] <<< [apiv2][status] GET https://cloudfunctions.googleapis.com/v1/operations/ZmFxdG9mZi1hci91cy1jZW50cmFsMS9tYWlsZXIvVC1wU2pMQ0dCa2c 200
[debug] [2021-08-01T23:52:58.229Z] <<< [apiv2][body] GET https://cloudfunctions.googleapis.com/v1/operations/ZmFxdG9mZi1hci91cy1jZW50cmFsMS9tYWlsZXIvVC1wU2pMQ0dCa2c {"name":"operations/ZmFxdG9mZi1hci91cy1jZW50cmFsMS9tYWlsZXIvVC1wU2pMQ0dCa2c","metadata":{"@type":"type.googleapis.com/google.cloud.functions.v1.OperationMetadataV1","target":"projects/faqtoff-ar/locations/us-central1/functions/mailer","type":"UPDATE_FUNCTION","request":{"@type":"type.googleapis.com/google.cloud.functions.v1.CloudFunction","name":"projects/faqtoff-ar/locations/us-central1/functions/mailer","httpsTrigger":{"url":"https://us-central1-faqtoff-ar.cloudfunctions.net/mailer","securityLevel":"SECURE_OPTIONAL"},"status":"ACTIVE","entryPoint":"mailer","timeout":"60s","availableMemoryMb":256,"serviceAccountEmail":"faqtoff-ar@appspot.gserviceaccount.com","updateTime":"2021-08-01T23:49:15.138Z","versionId":"62","labels":{"deployment-tool":"cli-firebase"},"sourceUploadUrl":"https://storage.googleapis.com/gcf-upload-us-central1-4145d0b3-a11f-4981-b73c-f5ed4ddcb01c/7ca39687-6657-4226-8940-5c88923ee031.zip?GoogleAccessId=service-518149881728@gcf-admin-robot.iam.gserviceaccount.com&Expires=1627863764&Signature=TLEkq%2BIUNHS76rcQjDGiMLz7%2Fk%2F56WHFe6sBd7KhQIdlv296NMmC4mN4tiQ%2BJAPF4pPntsNcHN%2FEZcLl2UYprnSh9LUHs6IvrvRM2garukgPG7jrtuy6tAoJJ4OsVirKL86pXGxPIj31VRh2Ws1kd%2FeZv%2Fixd%2BLp72X3ylJUeXLwkB4qfToRc8lRlZ9VTeNHk%2BEIjfq%2BpFTgJU69LSAYI5Ed4%2FIZYek3V6nZHLYG0wgHjBQVgSudTgfs9PlmoKZ6rxPPnXDif9%2FVVaKFYAlMXBVnt93QPTsCpwupLQfyRnnR9nGfRrj%2Btl%2FE7xN7AUGJzFmeARVNgRX1gfEIGoPqKw%3D%3D","environmentVariables":{"FIREBASE_CONFIG":"{\"projectId\":\"faqtoff-ar\",\"storageBucket\":\"faqtoff-ar.appspot.com\",\"locationId\":\"us-central\"}"},"runtime":"nodejs14","ingressSettings":"ALLOW_ALL","buildId":"c4b9b4cc-090b-42a7-b0f4-e12325fa0baf"},"versionId":"63","updateTime":"2021-08-01T23:52:46Z","buildId":"944557fd-9248-4ffd-9061-32606d586f61","buildName":"projects/518149881728/locations/us-central1/builds/944557fd-9248-4ffd-9061-32606d586f61"}}
[debug] [2021-08-01T23:53:06.244Z] [update-projects/faqtoff-ar/locations/us-central1/functions/mailer] Retrying task index 0
[debug] [2021-08-01T23:53:06.245Z] >>> [apiv2][query] GET https://cloudfunctions.googleapis.com/v1/operations/ZmFxdG9mZi1hci91cy1jZW50cmFsMS9tYWlsZXIvVC1wU2pMQ0dCa2c [none]
[debug] [2021-08-01T23:53:06.894Z] <<< [apiv2][status] GET https://cloudfunctions.googleapis.com/v1/operations/ZmFxdG9mZi1hci91cy1jZW50cmFsMS9tYWlsZXIvVC1wU2pMQ0dCa2c 200
[debug] [2021-08-01T23:53:06.895Z] <<< [apiv2][body] GET https://cloudfunctions.googleapis.com/v1/operations/ZmFxdG9mZi1hci91cy1jZW50cmFsMS9tYWlsZXIvVC1wU2pMQ0dCa2c {"name":"operations/ZmFxdG9mZi1hci91cy1jZW50cmFsMS9tYWlsZXIvVC1wU2pMQ0dCa2c","metadata":{"@type":"type.googleapis.com/google.cloud.functions.v1.OperationMetadataV1","target":"projects/faqtoff-ar/locations/us-central1/functions/mailer","type":"UPDATE_FUNCTION","request":{"@type":"type.googleapis.com/google.cloud.functions.v1.CloudFunction","name":"projects/faqtoff-ar/locations/us-central1/functions/mailer","httpsTrigger":{"url":"https://us-central1-faqtoff-ar.cloudfunctions.net/mailer","securityLevel":"SECURE_OPTIONAL"},"status":"ACTIVE","entryPoint":"mailer","timeout":"60s","availableMemoryMb":256,"serviceAccountEmail":"faqtoff-ar@appspot.gserviceaccount.com","updateTime":"2021-08-01T23:49:15.138Z","versionId":"62","labels":{"deployment-tool":"cli-firebase"},"sourceUploadUrl":"https://storage.googleapis.com/gcf-upload-us-central1-4145d0b3-a11f-4981-b73c-f5ed4ddcb01c/7ca39687-6657-4226-8940-5c88923ee031.zip?GoogleAccessId=service-518149881728@gcf-admin-robot.iam.gserviceaccount.com&Expires=1627863764&Signature=TLEkq%2BIUNHS76rcQjDGiMLz7%2Fk%2F56WHFe6sBd7KhQIdlv296NMmC4mN4tiQ%2BJAPF4pPntsNcHN%2FEZcLl2UYprnSh9LUHs6IvrvRM2garukgPG7jrtuy6tAoJJ4OsVirKL86pXGxPIj31VRh2Ws1kd%2FeZv%2Fixd%2BLp72X3ylJUeXLwkB4qfToRc8lRlZ9VTeNHk%2BEIjfq%2BpFTgJU69LSAYI5Ed4%2FIZYek3V6nZHLYG0wgHjBQVgSudTgfs9PlmoKZ6rxPPnXDif9%2FVVaKFYAlMXBVnt93QPTsCpwupLQfyRnnR9nGfRrj%2Btl%2FE7xN7AUGJzFmeARVNgRX1gfEIGoPqKw%3D%3D","environmentVariables":{"FIREBASE_CONFIG":"{\"projectId\":\"faqtoff-ar\",\"storageBucket\":\"faqtoff-ar.appspot.com\",\"locationId\":\"us-central\"}"},"runtime":"nodejs14","ingressSettings":"ALLOW_ALL","buildId":"c4b9b4cc-090b-42a7-b0f4-e12325fa0baf"},"versionId":"63","updateTime":"2021-08-01T23:52:46Z","buildId":"944557fd-9248-4ffd-9061-32606d586f61","buildName":"projects/518149881728/locations/us-central1/builds/944557fd-9248-4ffd-9061-32606d586f61"}}
