[debug] [2021-07-30T00:45:51.841Z] ----------------------------------------------------------------------
[debug] [2021-07-30T00:45:51.844Z] Command:       /usr/local/bin/firebase /Users/facundotoffolopasquini/.cache/firebase/tools/lib/node_modules/firebase-tools/lib/bin/firebase deploy --only functions
[debug] [2021-07-30T00:45:51.844Z] CLI Version:   9.16.0
[debug] [2021-07-30T00:45:51.844Z] Platform:      darwin
[debug] [2021-07-30T00:45:51.844Z] Node Version:  v12.18.1
[debug] [2021-07-30T00:45:51.852Z] Time:          Thu Jul 29 2021 21:45:51 GMT-0300 (GMT-03:00)
[debug] [2021-07-30T00:45:51.852Z] ----------------------------------------------------------------------
[debug] 
[debug] [2021-07-30T00:45:51.914Z] > command requires scopes: ["email","openid","https://www.googleapis.com/auth/cloudplatformprojects.readonly","https://www.googleapis.com/auth/firebase","https://www.googleapis.com/auth/cloud-platform"]
[debug] [2021-07-30T00:45:51.914Z] > authorizing via signed-in user (facutoff@gmail.com)
[debug] [2021-07-30T00:45:51.914Z] [iam] checking project faqtoff-ar for permissions ["cloudfunctions.functions.create","cloudfunctions.functions.delete","cloudfunctions.functions.get","cloudfunctions.functions.list","cloudfunctions.functions.update","cloudfunctions.operations.get","firebase.projects.get"]
[debug] [2021-07-30T00:45:51.919Z] >>> HTTP REQUEST POST https://cloudresourcemanager.googleapis.com/v1/projects/faqtoff-ar:testIamPermissions  
 {"permissions":["cloudfunctions.functions.create","cloudfunctions.functions.delete","cloudfunctions.functions.get","cloudfunctions.functions.list","cloudfunctions.functions.update","cloudfunctions.operations.get","firebase.projects.get"]}
[debug] [2021-07-30T00:45:53.085Z] <<< HTTP RESPONSE 200 {"content-type":"application/json; charset=UTF-8","vary":"X-Origin, Referer, Origin,Accept-Encoding","date":"Fri, 30 Jul 2021 00:45:53 GMT","server":"ESF","cache-control":"private","x-xss-protection":"0","x-frame-options":"SAMEORIGIN","x-content-type-options":"nosniff","server-timing":"gfet4t7; dur=961","alt-svc":"h3=\":443\"; ma=2592000,h3-29=\":443\"; ma=2592000,h3-T051=\":443\"; ma=2592000,h3-Q050=\":443\"; ma=2592000,h3-Q046=\":443\"; ma=2592000,h3-Q043=\":443\"; ma=2592000,quic=\":443\"; ma=2592000; v=\"46,43\"","accept-ranges":"none","transfer-encoding":"chunked"}
[debug] [2021-07-30T00:45:53.099Z] >>> HTTP REQUEST POST https://iam.googleapis.com/v1/projects/faqtoff-ar/serviceAccounts/faqtoff-ar@appspot.gserviceaccount.com:testIamPermissions  
 {"permissions":["iam.serviceAccounts.actAs"]}
[debug] [2021-07-30T00:45:54.301Z] <<< HTTP RESPONSE 200 {"content-type":"application/json; charset=UTF-8","vary":"X-Origin, Referer, Origin,Accept-Encoding","date":"Fri, 30 Jul 2021 00:45:54 GMT","server":"ESF","cache-control":"private","x-xss-protection":"0","x-frame-options":"SAMEORIGIN","x-content-type-options":"nosniff","alt-svc":"h3=\":443\"; ma=2592000,h3-29=\":443\"; ma=2592000,h3-T051=\":443\"; ma=2592000,h3-Q050=\":443\"; ma=2592000,h3-Q046=\":443\"; ma=2592000,h3-Q043=\":443\"; ma=2592000,quic=\":443\"; ma=2592000; v=\"46,43\"","accept-ranges":"none","transfer-encoding":"chunked"}
[info] 
[info] === Deploying to 'faqtoff-ar'...
[info] 
[info] i  deploying functions 
[debug] [2021-07-30T00:45:54.311Z] Validating nodejs source
[debug] [2021-07-30T00:45:56.705Z] > [functions] package.json contents: {
  "name": "functions",
  "description": "Cloud Functions for Firebase",
  "scripts": {
    "serve": "firebase emulators:start --only functions",
    "shell": "firebase functions:shell",
    "start": "npm run shell",
    "deploy": "firebase deploy --only functions",
    "logs": "firebase functions:log"
  },
  "engines": {
    "node": "14"
  },
  "main": "index.js",
  "dependencies": {
    "cors": "^2.8.5",
    "express": "^4.17.1",
    "firebase-admin": "^9.8.0",
    "firebase-functions": "^3.14.1",
    "nodemailer": "^6.6.3"
  },
  "devDependencies": {
    "dotenv": "^10.0.0",
    "firebase-functions-test": "^0.2.0"
  },
  "private": true
}
[debug] [2021-07-30T00:45:56.706Z] Building nodejs source
[info] i  functions: ensuring required API cloudfunctions.googleapis.com is enabled... 
[info] i  functions: ensuring required API cloudbuild.googleapis.com is enabled... 
[debug] [2021-07-30T00:45:56.707Z] >>> HTTP REQUEST GET https://serviceusage.googleapis.com/v1/projects/faqtoff-ar/services/cloudfunctions.googleapis.com  
 
[debug] [2021-07-30T00:45:56.708Z] >>> HTTP REQUEST GET https://serviceusage.googleapis.com/v1/projects/faqtoff-ar/services/runtimeconfig.googleapis.com  
 
[debug] [2021-07-30T00:45:56.708Z] >>> HTTP REQUEST GET https://serviceusage.googleapis.com/v1/projects/faqtoff-ar/services/cloudbuild.googleapis.com  
 
[debug] [2021-07-30T00:45:58.089Z] <<< HTTP RESPONSE 200 {"content-type":"application/json; charset=UTF-8","vary":"X-Origin, Referer, Origin,Accept-Encoding","date":"Fri, 30 Jul 2021 00:45:58 GMT","server":"ESF","cache-control":"private","x-xss-protection":"0","x-frame-options":"SAMEORIGIN","x-content-type-options":"nosniff","alt-svc":"h3=\":443\"; ma=2592000,h3-29=\":443\"; ma=2592000,h3-T051=\":443\"; ma=2592000,h3-Q050=\":443\"; ma=2592000,h3-Q046=\":443\"; ma=2592000,h3-Q043=\":443\"; ma=2592000,quic=\":443\"; ma=2592000; v=\"46,43\"","accept-ranges":"none","transfer-encoding":"chunked"}
[debug] [2021-07-30T00:45:58.118Z] <<< HTTP RESPONSE 200 {"content-type":"application/json; charset=UTF-8","vary":"X-Origin, Referer, Origin,Accept-Encoding","date":"Fri, 30 Jul 2021 00:45:58 GMT","server":"ESF","cache-control":"private","x-xss-protection":"0","x-frame-options":"SAMEORIGIN","x-content-type-options":"nosniff","alt-svc":"h3=\":443\"; ma=2592000,h3-29=\":443\"; ma=2592000,h3-T051=\":443\"; ma=2592000,h3-Q050=\":443\"; ma=2592000,h3-Q046=\":443\"; ma=2592000,h3-Q043=\":443\"; ma=2592000,quic=\":443\"; ma=2592000; v=\"46,43\"","accept-ranges":"none","transfer-encoding":"chunked"}
[info] ✔  functions: required API cloudbuild.googleapis.com is enabled 
[debug] [2021-07-30T00:45:58.132Z] <<< HTTP RESPONSE 200 {"content-type":"application/json; charset=UTF-8","vary":"X-Origin, Referer, Origin,Accept-Encoding","date":"Fri, 30 Jul 2021 00:45:58 GMT","server":"ESF","cache-control":"private","x-xss-protection":"0","x-frame-options":"SAMEORIGIN","x-content-type-options":"nosniff","alt-svc":"h3=\":443\"; ma=2592000,h3-29=\":443\"; ma=2592000,h3-T051=\":443\"; ma=2592000,h3-Q050=\":443\"; ma=2592000,h3-Q046=\":443\"; ma=2592000,h3-Q043=\":443\"; ma=2592000,quic=\":443\"; ma=2592000; v=\"46,43\"","accept-ranges":"none","transfer-encoding":"chunked"}
[info] ✔  functions: required API cloudfunctions.googleapis.com is enabled 
[debug] [2021-07-30T00:45:58.133Z] >>> HTTP REQUEST GET https://firebase.googleapis.com/v1beta1/projects/faqtoff-ar/adminSdkConfig  
 
[debug] [2021-07-30T00:45:58.701Z] <<< HTTP RESPONSE 200 {"content-type":"application/json; charset=UTF-8","vary":"X-Origin, Referer, Origin,Accept-Encoding","date":"Fri, 30 Jul 2021 00:45:59 GMT","server":"ESF","cache-control":"private","x-xss-protection":"0","x-frame-options":"SAMEORIGIN","x-content-type-options":"nosniff","alt-svc":"h3=\":443\"; ma=2592000,h3-29=\":443\"; ma=2592000,h3-T051=\":443\"; ma=2592000,h3-Q050=\":443\"; ma=2592000,h3-Q046=\":443\"; ma=2592000,h3-Q043=\":443\"; ma=2592000,quic=\":443\"; ma=2592000; v=\"46,43\"","accept-ranges":"none","transfer-encoding":"chunked"}
[debug] [2021-07-30T00:45:58.702Z] >>> HTTP REQUEST GET https://runtimeconfig.googleapis.com/v1beta1/projects/faqtoff-ar/configs  
 
[debug] [2021-07-30T00:45:59.828Z] <<< HTTP RESPONSE 200 {"content-type":"application/json; charset=UTF-8","vary":"X-Origin, Referer, Origin,Accept-Encoding","date":"Fri, 30 Jul 2021 00:46:00 GMT","server":"ESF","cache-control":"private","x-xss-protection":"0","x-frame-options":"SAMEORIGIN","x-content-type-options":"nosniff","alt-svc":"h3=\":443\"; ma=2592000,h3-29=\":443\"; ma=2592000,h3-T051=\":443\"; ma=2592000,h3-Q050=\":443\"; ma=2592000,h3-Q046=\":443\"; ma=2592000,h3-Q043=\":443\"; ma=2592000,quic=\":443\"; ma=2592000; v=\"46,43\"","accept-ranges":"none","transfer-encoding":"chunked"}
[debug] [2021-07-30T00:45:59.829Z] >>> HTTP REQUEST GET https://runtimeconfig.googleapis.com/v1beta1/projects/faqtoff-ar/configs/gmail/variables  
 
[debug] [2021-07-30T00:46:00.117Z] <<< HTTP RESPONSE 200 {"content-type":"application/json; charset=UTF-8","vary":"X-Origin, Referer, Origin,Accept-Encoding","date":"Fri, 30 Jul 2021 00:46:00 GMT","server":"ESF","cache-control":"private","x-xss-protection":"0","x-frame-options":"SAMEORIGIN","x-content-type-options":"nosniff","alt-svc":"h3=\":443\"; ma=2592000,h3-29=\":443\"; ma=2592000,h3-T051=\":443\"; ma=2592000,h3-Q050=\":443\"; ma=2592000,h3-Q046=\":443\"; ma=2592000,h3-Q043=\":443\"; ma=2592000,quic=\":443\"; ma=2592000; v=\"46,43\"","accept-ranges":"none","transfer-encoding":"chunked"}
[debug] [2021-07-30T00:46:00.120Z] >>> HTTP REQUEST GET https://runtimeconfig.googleapis.com/v1beta1/projects/faqtoff-ar/configs/gmail/variables/email  
 
[debug] [2021-07-30T00:46:00.121Z] >>> HTTP REQUEST GET https://runtimeconfig.googleapis.com/v1beta1/projects/faqtoff-ar/configs/gmail/variables/password  
 
[debug] [2021-07-30T00:46:00.545Z] <<< HTTP RESPONSE 200 {"content-type":"application/json; charset=UTF-8","vary":"X-Origin, Referer, Origin,Accept-Encoding","date":"Fri, 30 Jul 2021 00:46:01 GMT","server":"ESF","cache-control":"private","x-xss-protection":"0","x-frame-options":"SAMEORIGIN","x-content-type-options":"nosniff","alt-svc":"h3=\":443\"; ma=2592000,h3-29=\":443\"; ma=2592000,h3-T051=\":443\"; ma=2592000,h3-Q050=\":443\"; ma=2592000,h3-Q046=\":443\"; ma=2592000,h3-Q043=\":443\"; ma=2592000,quic=\":443\"; ma=2592000; v=\"46,43\"","accept-ranges":"none","transfer-encoding":"chunked"}
[debug] [2021-07-30T00:46:01.160Z] <<< HTTP RESPONSE 200 {"content-type":"application/json; charset=UTF-8","vary":"X-Origin, Referer, Origin,Accept-Encoding","date":"Fri, 30 Jul 2021 00:46:01 GMT","server":"ESF","cache-control":"private","x-xss-protection":"0","x-frame-options":"SAMEORIGIN","x-content-type-options":"nosniff","alt-svc":"h3=\":443\"; ma=2592000,h3-29=\":443\"; ma=2592000,h3-T051=\":443\"; ma=2592000,h3-Q050=\":443\"; ma=2592000,h3-Q046=\":443\"; ma=2592000,h3-Q043=\":443\"; ma=2592000,quic=\":443\"; ma=2592000; v=\"46,43\"","accept-ranges":"none","transfer-encoding":"chunked"}
[debug] [2021-07-30T00:46:01.161Z] Analyzing nodejs backend spec
[info] i  functions: preparing functions directory for uploading... 
[info] i  functions: packaged functions (24.88 KB) for uploading 
[debug] [2021-07-30T00:46:01.668Z] >>> HTTP REQUEST GET https://cloudfunctions.googleapis.com/v1/projects/faqtoff-ar/locations/-/functions  
 
[debug] [2021-07-30T00:46:02.966Z] <<< HTTP RESPONSE 200 {"content-type":"application/json; charset=UTF-8","vary":"X-Origin, Referer, Origin,Accept-Encoding","date":"Fri, 30 Jul 2021 00:46:03 GMT","server":"ESF","cache-control":"private","x-xss-protection":"0","x-frame-options":"SAMEORIGIN","x-content-type-options":"nosniff","alt-svc":"h3=\":443\"; ma=2592000,h3-29=\":443\"; ma=2592000,h3-T051=\":443\"; ma=2592000,h3-Q050=\":443\"; ma=2592000,h3-Q046=\":443\"; ma=2592000,h3-Q043=\":443\"; ma=2592000,quic=\":443\"; ma=2592000; v=\"46,43\"","accept-ranges":"none","transfer-encoding":"chunked"}
[debug] [2021-07-30T00:46:02.969Z] >>> HTTP REQUEST POST https://cloudfunctions.googleapis.com/v1/projects/faqtoff-ar/locations/us-central1/functions:generateUploadUrl  
 
[debug] [2021-07-30T00:46:04.108Z] <<< HTTP RESPONSE 200 {"content-type":"application/json; charset=UTF-8","vary":"X-Origin, Referer, Origin,Accept-Encoding","date":"Fri, 30 Jul 2021 00:46:04 GMT","server":"ESF","cache-control":"private","x-xss-protection":"0","x-frame-options":"SAMEORIGIN","x-content-type-options":"nosniff","alt-svc":"h3=\":443\"; ma=2592000,h3-29=\":443\"; ma=2592000,h3-T051=\":443\"; ma=2592000,h3-Q050=\":443\"; ma=2592000,h3-Q046=\":443\"; ma=2592000,h3-Q043=\":443\"; ma=2592000,quic=\":443\"; ma=2592000; v=\"46,43\"","accept-ranges":"none","transfer-encoding":"chunked"}
[debug] [2021-07-30T00:46:04.112Z] >>> HTTP REQUEST PUT https://storage.googleapis.com/gcf-upload-us-central1-4145d0b3-a11f-4981-b73c-f5ed4ddcb01c/7c5eb7d1-9bb5-4fb8-ad99-a095a74e0395.zip?GoogleAccessId=service-518149881728@gcf-admin-robot.iam.gserviceaccount.com&Expires=1627607764&Signature=EsliYCwKSjbXt23qPagdVRm80YbNSco4qLfSF8E9pfF8XUP96SSWT6spidz7gNPwWl0d9bH%2BVrC7llGWgDNMPAzLn4lRoLlI79C4ojkM6Xx5xi38GPYjjXpkBqP08Ja5YRg9GEV1omS8Ms3E5lkcuZkjHlwINt37k3KzumC48PlhI60QpG9XO7tZUNTdlloCWzO8XTJVo%2B8tQvB4xwOXLj8DHZhIt3iaHia0KzKX4xejs5hBBlI%2BWB%2F%2BPgfwp%2FDkY6pZp7v%2FY0cyVTTh%2BOWbID7oY2j8z1iM5UrcMgP3r5tWLwtBvdOcZa7zzG0lffZd178bQUFET7fSq3XUoHeiTQ%3D%3D  
 <request body omitted>
[debug] [2021-07-30T00:46:04.550Z] <<< HTTP RESPONSE 200 {"x-guploader-uploadid":"ADPycdseGjGRqLlb2iGcGwZRNiPLqNNOZD16DXqbiJp4P5Q1yKvYW_4YBWxBpy3WWtEC_jSzK3TD3I1ECOrSTAKPbQYuTCYfXQ","etag":"\"08f8e5e8d8cccc7627f6562edf692ecc\"","x-goog-generation":"1627605965079133","x-goog-metageneration":"1","x-goog-hash":"crc32c=lc+b+w==, md5=CPjl6NjMzHYn9lYu32kuzA==","x-goog-stored-content-length":"25474","x-goog-stored-content-encoding":"identity","vary":"Origin","content-length":"0","date":"Fri, 30 Jul 2021 00:46:05 GMT","server":"UploadServer","content-type":"text/html; charset=UTF-8","alt-svc":"h3=\":443\"; ma=2592000,h3-29=\":443\"; ma=2592000,h3-T051=\":443\"; ma=2592000,h3-Q050=\":443\"; ma=2592000,h3-Q046=\":443\"; ma=2592000,h3-Q043=\":443\"; ma=2592000,quic=\":443\"; ma=2592000; v=\"46,43\""}
[info] ✔  functions: functions folder uploaded successfully 
[info] i  functions: updating Node.js 14 function mailer(us-central1)... 
[debug] [2021-07-30T00:46:04.557Z] >>> HTTP REQUEST PATCH https://cloudfunctions.googleapis.com/v1/projects/faqtoff-ar/locations/us-central1/functions/mailer {"updateMask":"name,sourceUploadUrl,entryPoint,runtime,httpsTrigger.securityLevel,labels,environmentVariables"} 
 {"name":"projects/faqtoff-ar/locations/us-central1/functions/mailer","sourceUploadUrl":"https://storage.googleapis.com/gcf-upload-us-central1-4145d0b3-a11f-4981-b73c-f5ed4ddcb01c/7c5eb7d1-9bb5-4fb8-ad99-a095a74e0395.zip?GoogleAccessId=service-518149881728@gcf-admin-robot.iam.gserviceaccount.com&Expires=1627607764&Signature=EsliYCwKSjbXt23qPagdVRm80YbNSco4qLfSF8E9pfF8XUP96SSWT6spidz7gNPwWl0d9bH%2BVrC7llGWgDNMPAzLn4lRoLlI79C4ojkM6Xx5xi38GPYjjXpkBqP08Ja5YRg9GEV1omS8Ms3E5lkcuZkjHlwINt37k3KzumC48PlhI60QpG9XO7tZUNTdlloCWzO8XTJVo%2B8tQvB4xwOXLj8DHZhIt3iaHia0KzKX4xejs5hBBlI%2BWB%2F%2BPgfwp%2FDkY6pZp7v%2FY0cyVTTh%2BOWbID7oY2j8z1iM5UrcMgP3r5tWLwtBvdOcZa7zzG0lffZd178bQUFET7fSq3XUoHeiTQ%3D%3D","entryPoint":"mailer","runtime":"nodejs14","httpsTrigger":{"securityLevel":"SECURE_OPTIONAL"},"labels":{"deployment-tool":"cli-firebase"},"environmentVariables":{"FIREBASE_CONFIG":"{\"projectId\":\"faqtoff-ar\",\"storageBucket\":\"faqtoff-ar.appspot.com\"}"}}
[debug] [2021-07-30T00:46:05.509Z] <<< HTTP RESPONSE 200 {"content-type":"application/json; charset=UTF-8","vary":"X-Origin, Referer, Origin,Accept-Encoding","date":"Fri, 30 Jul 2021 00:46:06 GMT","server":"ESF","cache-control":"private","x-xss-protection":"0","x-frame-options":"SAMEORIGIN","x-content-type-options":"nosniff","alt-svc":"h3=\":443\"; ma=2592000,h3-29=\":443\"; ma=2592000,h3-T051=\":443\"; ma=2592000,h3-Q050=\":443\"; ma=2592000,h3-Q046=\":443\"; ma=2592000,h3-Q043=\":443\"; ma=2592000,quic=\":443\"; ma=2592000; v=\"46,43\"","accept-ranges":"none","transfer-encoding":"chunked"}
[debug] [2021-07-30T00:46:05.513Z] > refreshing access token with scopes: []
[debug] [2021-07-30T00:46:05.513Z] >>> HTTP REQUEST POST https://www.googleapis.com/oauth2/v3/token  
 <request body omitted>
[debug] [2021-07-30T00:46:05.679Z] <<< HTTP RESPONSE 200 {"expires":"Mon, 01 Jan 1990 00:00:00 GMT","date":"Fri, 30 Jul 2021 00:46:06 GMT","cache-control":"no-cache, no-store, max-age=0, must-revalidate","pragma":"no-cache","content-type":"application/json; charset=utf-8","vary":"X-Origin, Referer, Origin,Accept-Encoding","server":"scaffolding on HTTPServer2","x-xss-protection":"0","x-frame-options":"SAMEORIGIN","x-content-type-options":"nosniff","alt-svc":"h3=\":443\"; ma=2592000,h3-29=\":443\"; ma=2592000,h3-T051=\":443\"; ma=2592000,h3-Q050=\":443\"; ma=2592000,h3-Q046=\":443\"; ma=2592000,h3-Q043=\":443\"; ma=2592000,quic=\":443\"; ma=2592000; v=\"46,43\"","accept-ranges":"none","transfer-encoding":"chunked"}
[debug] [2021-07-30T00:46:05.711Z] >>> [apiv2][query] GET https://cloudfunctions.googleapis.com/v1/operations/ZmFxdG9mZi1hci91cy1jZW50cmFsMS9tYWlsZXIvWG5ZWl93MWtGUTQ [none]
[debug] [2021-07-30T00:46:06.339Z] <<< [apiv2][status] GET https://cloudfunctions.googleapis.com/v1/operations/ZmFxdG9mZi1hci91cy1jZW50cmFsMS9tYWlsZXIvWG5ZWl93MWtGUTQ 200
[debug] [2021-07-30T00:46:06.339Z] <<< [apiv2][body] GET https://cloudfunctions.googleapis.com/v1/operations/ZmFxdG9mZi1hci91cy1jZW50cmFsMS9tYWlsZXIvWG5ZWl93MWtGUTQ {"name":"operations/ZmFxdG9mZi1hci91cy1jZW50cmFsMS9tYWlsZXIvWG5ZWl93MWtGUTQ","metadata":{"@type":"type.googleapis.com/google.cloud.functions.v1.OperationMetadataV1","target":"projects/faqtoff-ar/locations/us-central1/functions/mailer","type":"UPDATE_FUNCTION","request":{"@type":"type.googleapis.com/google.cloud.functions.v1.CloudFunction","name":"projects/faqtoff-ar/locations/us-central1/functions/mailer","httpsTrigger":{"url":"https://us-central1-faqtoff-ar.cloudfunctions.net/mailer","securityLevel":"SECURE_OPTIONAL"},"status":"ACTIVE","entryPoint":"mailer","timeout":"60s","availableMemoryMb":256,"serviceAccountEmail":"faqtoff-ar@appspot.gserviceaccount.com","updateTime":"2021-07-30T00:34:00.943Z","versionId":"11","labels":{"deployment-tool":"cli-firebase"},"sourceUploadUrl":"https://storage.googleapis.com/gcf-upload-us-central1-4145d0b3-a11f-4981-b73c-f5ed4ddcb01c/7c5eb7d1-9bb5-4fb8-ad99-a095a74e0395.zip?GoogleAccessId=service-518149881728@gcf-admin-robot.iam.gserviceaccount.com&Expires=1627607764&Signature=EsliYCwKSjbXt23qPagdVRm80YbNSco4qLfSF8E9pfF8XUP96SSWT6spidz7gNPwWl0d9bH%2BVrC7llGWgDNMPAzLn4lRoLlI79C4ojkM6Xx5xi38GPYjjXpkBqP08Ja5YRg9GEV1omS8Ms3E5lkcuZkjHlwINt37k3KzumC48PlhI60QpG9XO7tZUNTdlloCWzO8XTJVo%2B8tQvB4xwOXLj8DHZhIt3iaHia0KzKX4xejs5hBBlI%2BWB%2F%2BPgfwp%2FDkY6pZp7v%2FY0cyVTTh%2BOWbID7oY2j8z1iM5UrcMgP3r5tWLwtBvdOcZa7zzG0lffZd178bQUFET7fSq3XUoHeiTQ%3D%3D","environmentVariables":{"FIREBASE_CONFIG":"{\"projectId\":\"faqtoff-ar\",\"storageBucket\":\"faqtoff-ar.appspot.com\"}"},"runtime":"nodejs14","ingressSettings":"ALLOW_ALL","buildId":"e843e8ff-64a1-46b5-ab8b-5320a5dc9721"},"versionId":"12","updateTime":"2021-07-30T00:46:06Z","buildId":"7edaeb65-e937-4288-b40a-803ccad8bc0d","buildName":"projects/518149881728/locations/us-central1/builds/7edaeb65-e937-4288-b40a-803ccad8bc0d"}}
[debug] [2021-07-30T00:46:06.844Z] [update-projects/faqtoff-ar/locations/us-central1/functions/mailer] Retrying task index 0
[debug] [2021-07-30T00:46:06.844Z] >>> [apiv2][query] GET https://cloudfunctions.googleapis.com/v1/operations/ZmFxdG9mZi1hci91cy1jZW50cmFsMS9tYWlsZXIvWG5ZWl93MWtGUTQ [none]
[debug] [2021-07-30T00:46:07.715Z] <<< [apiv2][status] GET https://cloudfunctions.googleapis.com/v1/operations/ZmFxdG9mZi1hci91cy1jZW50cmFsMS9tYWlsZXIvWG5ZWl93MWtGUTQ 200
[debug] [2021-07-30T00:46:07.715Z] <<< [apiv2][body] GET https://cloudfunctions.googleapis.com/v1/operations/ZmFxdG9mZi1hci91cy1jZW50cmFsMS9tYWlsZXIvWG5ZWl93MWtGUTQ {"name":"operations/ZmFxdG9mZi1hci91cy1jZW50cmFsMS9tYWlsZXIvWG5ZWl93MWtGUTQ","metadata":{"@type":"type.googleapis.com/google.cloud.functions.v1.OperationMetadataV1","target":"projects/faqtoff-ar/locations/us-central1/functions/mailer","type":"UPDATE_FUNCTION","request":{"@type":"type.googleapis.com/google.cloud.functions.v1.CloudFunction","name":"projects/faqtoff-ar/locations/us-central1/functions/mailer","httpsTrigger":{"url":"https://us-central1-faqtoff-ar.cloudfunctions.net/mailer","securityLevel":"SECURE_OPTIONAL"},"status":"ACTIVE","entryPoint":"mailer","timeout":"60s","availableMemoryMb":256,"serviceAccountEmail":"faqtoff-ar@appspot.gserviceaccount.com","updateTime":"2021-07-30T00:34:00.943Z","versionId":"11","labels":{"deployment-tool":"cli-firebase"},"sourceUploadUrl":"https://storage.googleapis.com/gcf-upload-us-central1-4145d0b3-a11f-4981-b73c-f5ed4ddcb01c/7c5eb7d1-9bb5-4fb8-ad99-a095a74e0395.zip?GoogleAccessId=service-518149881728@gcf-admin-robot.iam.gserviceaccount.com&Expires=1627607764&Signature=EsliYCwKSjbXt23qPagdVRm80YbNSco4qLfSF8E9pfF8XUP96SSWT6spidz7gNPwWl0d9bH%2BVrC7llGWgDNMPAzLn4lRoLlI79C4ojkM6Xx5xi38GPYjjXpkBqP08Ja5YRg9GEV1omS8Ms3E5lkcuZkjHlwINt37k3KzumC48PlhI60QpG9XO7tZUNTdlloCWzO8XTJVo%2B8tQvB4xwOXLj8DHZhIt3iaHia0KzKX4xejs5hBBlI%2BWB%2F%2BPgfwp%2FDkY6pZp7v%2FY0cyVTTh%2BOWbID7oY2j8z1iM5UrcMgP3r5tWLwtBvdOcZa7zzG0lffZd178bQUFET7fSq3XUoHeiTQ%3D%3D","environmentVariables":{"FIREBASE_CONFIG":"{\"projectId\":\"faqtoff-ar\",\"storageBucket\":\"faqtoff-ar.appspot.com\"}"},"runtime":"nodejs14","ingressSettings":"ALLOW_ALL","buildId":"e843e8ff-64a1-46b5-ab8b-5320a5dc9721"},"versionId":"12","updateTime":"2021-07-30T00:46:06Z","buildId":"7edaeb65-e937-4288-b40a-803ccad8bc0d","buildName":"projects/518149881728/locations/us-central1/builds/7edaeb65-e937-4288-b40a-803ccad8bc0d"}}
[debug] [2021-07-30T00:46:08.719Z] [update-projects/faqtoff-ar/locations/us-central1/functions/mailer] Retrying task index 0
[debug] [2021-07-30T00:46:08.721Z] >>> [apiv2][query] GET https://cloudfunctions.googleapis.com/v1/operations/ZmFxdG9mZi1hci91cy1jZW50cmFsMS9tYWlsZXIvWG5ZWl93MWtGUTQ [none]
[debug] [2021-07-30T00:46:09.558Z] <<< [apiv2][status] GET https://cloudfunctions.googleapis.com/v1/operations/ZmFxdG9mZi1hci91cy1jZW50cmFsMS9tYWlsZXIvWG5ZWl93MWtGUTQ 200
[debug] [2021-07-30T00:46:09.558Z] <<< [apiv2][body] GET https://cloudfunctions.googleapis.com/v1/operations/ZmFxdG9mZi1hci91cy1jZW50cmFsMS9tYWlsZXIvWG5ZWl93MWtGUTQ {"name":"operations/ZmFxdG9mZi1hci91cy1jZW50cmFsMS9tYWlsZXIvWG5ZWl93MWtGUTQ","metadata":{"@type":"type.googleapis.com/google.cloud.functions.v1.OperationMetadataV1","target":"projects/faqtoff-ar/locations/us-central1/functions/mailer","type":"UPDATE_FUNCTION","request":{"@type":"type.googleapis.com/google.cloud.functions.v1.CloudFunction","name":"projects/faqtoff-ar/locations/us-central1/functions/mailer","httpsTrigger":{"url":"https://us-central1-faqtoff-ar.cloudfunctions.net/mailer","securityLevel":"SECURE_OPTIONAL"},"status":"ACTIVE","entryPoint":"mailer","timeout":"60s","availableMemoryMb":256,"serviceAccountEmail":"faqtoff-ar@appspot.gserviceaccount.com","updateTime":"2021-07-30T00:34:00.943Z","versionId":"11","labels":{"deployment-tool":"cli-firebase"},"sourceUploadUrl":"https://storage.googleapis.com/gcf-upload-us-central1-4145d0b3-a11f-4981-b73c-f5ed4ddcb01c/7c5eb7d1-9bb5-4fb8-ad99-a095a74e0395.zip?GoogleAccessId=service-518149881728@gcf-admin-robot.iam.gserviceaccount.com&Expires=1627607764&Signature=EsliYCwKSjbXt23qPagdVRm80YbNSco4qLfSF8E9pfF8XUP96SSWT6spidz7gNPwWl0d9bH%2BVrC7llGWgDNMPAzLn4lRoLlI79C4ojkM6Xx5xi38GPYjjXpkBqP08Ja5YRg9GEV1omS8Ms3E5lkcuZkjHlwINt37k3KzumC48PlhI60QpG9XO7tZUNTdlloCWzO8XTJVo%2B8tQvB4xwOXLj8DHZhIt3iaHia0KzKX4xejs5hBBlI%2BWB%2F%2BPgfwp%2FDkY6pZp7v%2FY0cyVTTh%2BOWbID7oY2j8z1iM5UrcMgP3r5tWLwtBvdOcZa7zzG0lffZd178bQUFET7fSq3XUoHeiTQ%3D%3D","environmentVariables":{"FIREBASE_CONFIG":"{\"projectId\":\"faqtoff-ar\",\"storageBucket\":\"faqtoff-ar.appspot.com\"}"},"runtime":"nodejs14","ingressSettings":"ALLOW_ALL","buildId":"e843e8ff-64a1-46b5-ab8b-5320a5dc9721"},"versionId":"12","updateTime":"2021-07-30T00:46:06Z","buildId":"7edaeb65-e937-4288-b40a-803ccad8bc0d","buildName":"projects/518149881728/locations/us-central1/builds/7edaeb65-e937-4288-b40a-803ccad8bc0d"}}
[debug] [2021-07-30T00:46:11.688Z] [update-projects/faqtoff-ar/locations/us-central1/functions/mailer] Retrying task index 0
[debug] [2021-07-30T00:46:11.689Z] >>> [apiv2][query] GET https://cloudfunctions.googleapis.com/v1/operations/ZmFxdG9mZi1hci91cy1jZW50cmFsMS9tYWlsZXIvWG5ZWl93MWtGUTQ [none]
[debug] [2021-07-30T00:46:12.349Z] <<< [apiv2][status] GET https://cloudfunctions.googleapis.com/v1/operations/ZmFxdG9mZi1hci91cy1jZW50cmFsMS9tYWlsZXIvWG5ZWl93MWtGUTQ 200
[debug] [2021-07-30T00:46:12.349Z] <<< [apiv2][body] GET https://cloudfunctions.googleapis.com/v1/operations/ZmFxdG9mZi1hci91cy1jZW50cmFsMS9tYWlsZXIvWG5ZWl93MWtGUTQ {"name":"operations/ZmFxdG9mZi1hci91cy1jZW50cmFsMS9tYWlsZXIvWG5ZWl93MWtGUTQ","metadata":{"@type":"type.googleapis.com/google.cloud.functions.v1.OperationMetadataV1","target":"projects/faqtoff-ar/locations/us-central1/functions/mailer","type":"UPDATE_FUNCTION","request":{"@type":"type.googleapis.com/google.cloud.functions.v1.CloudFunction","name":"projects/faqtoff-ar/locations/us-central1/functions/mailer","httpsTrigger":{"url":"https://us-central1-faqtoff-ar.cloudfunctions.net/mailer","securityLevel":"SECURE_OPTIONAL"},"status":"ACTIVE","entryPoint":"mailer","timeout":"60s","availableMemoryMb":256,"serviceAccountEmail":"faqtoff-ar@appspot.gserviceaccount.com","updateTime":"2021-07-30T00:34:00.943Z","versionId":"11","labels":{"deployment-tool":"cli-firebase"},"sourceUploadUrl":"https://storage.googleapis.com/gcf-upload-us-central1-4145d0b3-a11f-4981-b73c-f5ed4ddcb01c/7c5eb7d1-9bb5-4fb8-ad99-a095a74e0395.zip?GoogleAccessId=service-518149881728@gcf-admin-robot.iam.gserviceaccount.com&Expires=1627607764&Signature=EsliYCwKSjbXt23qPagdVRm80YbNSco4qLfSF8E9pfF8XUP96SSWT6spidz7gNPwWl0d9bH%2BVrC7llGWgDNMPAzLn4lRoLlI79C4ojkM6Xx5xi38GPYjjXpkBqP08Ja5YRg9GEV1omS8Ms3E5lkcuZkjHlwINt37k3KzumC48PlhI60QpG9XO7tZUNTdlloCWzO8XTJVo%2B8tQvB4xwOXLj8DHZhIt3iaHia0KzKX4xejs5hBBlI%2BWB%2F%2BPgfwp%2FDkY6pZp7v%2FY0cyVTTh%2BOWbID7oY2j8z1iM5UrcMgP3r5tWLwtBvdOcZa7zzG0lffZd178bQUFET7fSq3XUoHeiTQ%3D%3D","environmentVariables":{"FIREBASE_CONFIG":"{\"projectId\":\"faqtoff-ar\",\"storageBucket\":\"faqtoff-ar.appspot.com\"}"},"runtime":"nodejs14","ingressSettings":"ALLOW_ALL","buildId":"e843e8ff-64a1-46b5-ab8b-5320a5dc9721"},"versionId":"12","updateTime":"2021-07-30T00:46:06Z","buildId":"7edaeb65-e937-4288-b40a-803ccad8bc0d","buildName":"projects/518149881728/locations/us-central1/builds/7edaeb65-e937-4288-b40a-803ccad8bc0d"}}
[debug] [2021-07-30T00:46:16.355Z] [update-projects/faqtoff-ar/locations/us-central1/functions/mailer] Retrying task index 0
[debug] [2021-07-30T00:46:16.356Z] >>> [apiv2][query] GET https://cloudfunctions.googleapis.com/v1/operations/ZmFxdG9mZi1hci91cy1jZW50cmFsMS9tYWlsZXIvWG5ZWl93MWtGUTQ [none]
